<?xml version="1.0" encoding="UTF-8"?>
<!-- Generated by org.testng.reporters.JUnitReportReporter -->
<testsuite skipped="0" hostname="Danny-PC" name="BodyTestWithSimpleMap" tests="2" failures="0" timestamp="01 Oct 2018 06:06:46 GMT" time="2.248" errors="0">
  <testcase name="returnCorrectLogin" time="0.913" classname="BodyTestWithSimpleMap"/>
  <testcase name="returnCorrectId" time="1.335" classname="BodyTestWithSimpleMap"/>
</testsuite> <!-- BodyTestWithSimpleMap -->
