<?xml version="1.0" encoding="UTF-8"?>
<!-- Generated by org.testng.reporters.JUnitReportReporter -->
<testsuite skipped="0" hostname="Danny-PC" name="Get404" tests="1" failures="0" timestamp="30 Sep 2018 06:57:58 GMT" time="0.877" errors="0">
  <testcase name="invalidUrlReturns404" time="0.877" classname="Get404"/>
</testsuite> <!-- Get404 -->
