<?xml version="1.0" encoding="UTF-8"?>
<!-- Generated by org.testng.reporters.JUnitReportReporter -->
<testsuite skipped="0" hostname="Danny-PC" name="Get200" tests="3" failures="0" timestamp="30 Sep 2018 06:57:58 GMT" time="3.553" errors="0">
  <testcase name="baseUrlReturns200" time="1.160" classname="Get200"/>
  <testcase name="rateLimitReturns200" time="1.161" classname="Get200"/>
  <testcase name="searchReposReturns200" time="1.232" classname="Get200"/>
</testsuite> <!-- Get200 -->
