<?xml version="1.0" encoding="UTF-8"?>
<!-- Generated by org.testng.reporters.JUnitReportReporter -->
<testsuite skipped="0" hostname="Danny-PC" name="Get401" tests="3" failures="0" timestamp="30 Sep 2018 06:57:58 GMT" time="2.585" errors="0">
  <testcase name="userReturns401" time="0.842" classname="Get401"/>
  <testcase name="userReturns401" time="0.861" classname="Get401"/>
  <testcase name="userReturns401" time="0.882" classname="Get401"/>
</testsuite> <!-- Get401 -->
